stdio    D         file_stdio.c:110  file_stdio_fopen                 [   0.00000] opening C:\C_Code\final\cookie-run\bin\Debug\allegro5.cfg r
system   D            wsystem.c:889  _al_win_safe_load_library        [   0.00000] PathFindOnPath found: C:\Windows\system32\shcore.dll
system   D            wsystem.c:795  load_library_at_path             [   0.00000] Calling LoadLibrary C:\Windows\system32\shcore.dll
system   I            wsystem.c:798  load_library_at_path             [   0.00000] Loaded C:\Windows\system32\shcore.dll
system   I             system.c:271  al_install_system                [   0.00000] Allegro version: 5.2.8
audio-dsound I           dsound.cpp:275  _dsound_open                     [   0.00016] Starting DirectSound...
audio-dsound D           dsound.cpp:288  _dsound_open                     [   0.02586] DirectSoundCreate8 succeeded
audio-dsound I           dsound.cpp:77   get_window                       [   0.02595] Using desktop window: 0000000000010010
audio    I              audio.c:391  do_install_audio                 [   0.02604] Using DirectSound driver
system   D            wsystem.c:889  _al_win_safe_load_library        [   0.02673] PathFindOnPath found: C:\Windows\system32\d3d9.dll
system   D            wsystem.c:795  load_library_at_path             [   0.02679] Calling LoadLibrary C:\Windows\system32\d3d9.dll
system   I            wsystem.c:798  load_library_at_path             [   0.02934] Loaded C:\Windows\system32\d3d9.dll
d3d      I         d3d_disp.cpp:679  d3d_init_display                 [   0.03929] Render-to-texture: 1
d3d      I         d3d_disp.cpp:1780 d3d_create_display_locked        [   0.04187] faux_fullscreen=0
d3d      D         d3d_disp.cpp:1781 d3d_create_display_locked        [   0.04204] al_display=000001828d57db80
d3d      D         d3d_disp.cpp:1782 d3d_create_display_locked        [   0.04206] al_display->vt=000001828d57da10
d3d      I d3d_display_formats.cpp:144  _al_d3d_generate_display_format_list [   0.04370] found 64 format combinations
display  D   display_settings.c:214  debug_display_settings           [   0.04374] color: 32 (rgba 8880), depth: 0, stencil: 0, acc: 0000, samples: 0/0
display  D   display_settings.c:529  _al_score_display_settings       [   0.04377] Score is : 897
display  D   display_settings.c:214  debug_display_settings           [   0.04378] color: 32 (rgba 8880), depth: 0, stencil: 0, acc: 0000, samples: 0/0
display  D   display_settings.c:529  _al_score_display_settings       [   0.04379] Score is : 897
display  D   display_settings.c:214  debug_display_settings           [   0.04380] color: 32 (rgba 8880), depth: 24, stencil: 8, acc: 0000, samples: 0/0
display  D   display_settings.c:529  _al_score_display_settings       [   0.04381] Score is : 897
display  D   display_settings.c:214  debug_display_settings           [   0.04382] color: 32 (rgba 8880), depth: 24, stencil: 8, acc: 0000, samples: 0/0
display  D   display_settings.c:529  _al_score_display_settings       [   0.04383] Score is : 897
display  D   display_settings.c:214  debug_display_settings           [   0.04384] color: 32 (rgba 8880), depth: 24, stencil: 0, acc: 0000, samples: 0/0
display  D   display_settings.c:529  _al_score_display_settings       [   0.04386] Score is : 897
display  D   display_settings.c:214  debug_display_settings           [   0.04387] color: 32 (rgba 8880), depth: 24, stencil: 0, acc: 0000, samples: 0/0
display  D   display_settings.c:529  _al_score_display_settings       [   0.04388] Score is : 897
display  D   display_settings.c:214  debug_display_settings           [   0.04389] color: 32 (rgba 8880), depth: 16, stencil: 0, acc: 0000, samples: 0/0
display  D   display_settings.c:529  _al_score_display_settings       [   0.04390] Score is : 897
display  D   display_settings.c:214  debug_display_settings           [   0.04391] color: 32 (rgba 8880), depth: 16, stencil: 0, acc: 0000, samples: 0/0
display  D   display_settings.c:529  _al_score_display_settings       [   0.04392] Score is : 897
display  D   display_settings.c:214  debug_display_settings           [   0.04393] color: 16 (rgba 5650), depth: 0, stencil: 0, acc: 0000, samples: 0/0
display  D   display_settings.c:529  _al_score_display_settings       [   0.04398] Score is : 897
display  D   display_settings.c:214  debug_display_settings           [   0.04400] color: 16 (rgba 5650), depth: 0, stencil: 0, acc: 0000, samples: 0/0
display  D   display_settings.c:529  _al_score_display_settings       [   0.04401] Score is : 897
display  D   display_settings.c:214  debug_display_settings           [   0.04402] color: 16 (rgba 5650), depth: 24, stencil: 8, acc: 0000, samples: 0/0
display  D   display_settings.c:529  _al_score_display_settings       [   0.04403] Score is : 897
display  D   display_settings.c:214  debug_display_settings           [   0.04404] color: 16 (rgba 5650), depth: 24, stencil: 8, acc: 0000, samples: 0/0
display  D   display_settings.c:529  _al_score_display_settings       [   0.04405] Score is : 897
display  D   display_settings.c:214  debug_display_settings           [   0.04406] color: 16 (rgba 5650), depth: 24, stencil: 0, acc: 0000, samples: 0/0
display  D   display_settings.c:529  _al_score_display_settings       [   0.04407] Score is : 897
display  D   display_settings.c:214  debug_display_settings           [   0.04408] color: 16 (rgba 5650), depth: 24, stencil: 0, acc: 0000, samples: 0/0
display  D   display_settings.c:529  _al_score_display_settings       [   0.04409] Score is : 897
display  D   display_settings.c:214  debug_display_settings           [   0.04410] color: 16 (rgba 5650), depth: 16, stencil: 0, acc: 0000, samples: 0/0
display  D   display_settings.c:529  _al_score_display_settings       [   0.04411] Score is : 897
display  D   display_settings.c:214  debug_display_settings           [   0.04412] color: 16 (rgba 5650), depth: 16, stencil: 0, acc: 0000, samples: 0/0
display  D   display_settings.c:529  _al_score_display_settings       [   0.04413] Score is : 897
display  D   display_settings.c:214  debug_display_settings           [   0.04414] color: 32 (rgba 8880), depth: 0, stencil: 0, acc: 0000, samples: 0/0
display  D   display_settings.c:400  _al_score_display_settings       [   0.04415] Single Buffer requirement not met.
display  D   display_settings.c:214  debug_display_settings           [   0.04416] color: 32 (rgba 8880), depth: 0, stencil: 0, acc: 0000, samples: 0/0
display  D   display_settings.c:400  _al_score_display_settings       [   0.04417] Single Buffer requirement not met.
display  D   display_settings.c:214  debug_display_settings           [   0.04418] color: 32 (rgba 8880), depth: 24, stencil: 8, acc: 0000, samples: 0/0
display  D   display_settings.c:400  _al_score_display_settings       [   0.04420] Single Buffer requirement not met.
display  D   display_settings.c:214  debug_display_settings           [   0.04421] color: 32 (rgba 8880), depth: 24, stencil: 8, acc: 0000, samples: 0/0
display  D   display_settings.c:400  _al_score_display_settings       [   0.04422] Single Buffer requirement not met.
display  D   display_settings.c:214  debug_display_settings           [   0.04423] color: 32 (rgba 8880), depth: 24, stencil: 0, acc: 0000, samples: 0/0
display  D   display_settings.c:400  _al_score_display_settings       [   0.04424] Single Buffer requirement not met.
display  D   display_settings.c:214  debug_display_settings           [   0.04425] color: 32 (rgba 8880), depth: 24, stencil: 0, acc: 0000, samples: 0/0
display  D   display_settings.c:400  _al_score_display_settings       [   0.04426] Single Buffer requirement not met.
display  D   display_settings.c:214  debug_display_settings           [   0.04427] color: 32 (rgba 8880), depth: 16, stencil: 0, acc: 0000, samples: 0/0
display  D   display_settings.c:400  _al_score_display_settings       [   0.04428] Single Buffer requirement not met.
display  D   display_settings.c:214  debug_display_settings           [   0.04429] color: 32 (rgba 8880), depth: 16, stencil: 0, acc: 0000, samples: 0/0
display  D   display_settings.c:400  _al_score_display_settings       [   0.04430] Single Buffer requirement not met.
display  D   display_settings.c:214  debug_display_settings           [   0.04432] color: 16 (rgba 5650), depth: 0, stencil: 0, acc: 0000, samples: 0/0
display  D   display_settings.c:400  _al_score_display_settings       [   0.04433] Single Buffer requirement not met.
display  D   display_settings.c:214  debug_display_settings           [   0.04434] color: 16 (rgba 5650), depth: 0, stencil: 0, acc: 0000, samples: 0/0
display  D   display_settings.c:400  _al_score_display_settings       [   0.04435] Single Buffer requirement not met.
display  D   display_settings.c:214  debug_display_settings           [   0.04436] color: 16 (rgba 5650), depth: 24, stencil: 8, acc: 0000, samples: 0/0
display  D   display_settings.c:400  _al_score_display_settings       [   0.04437] Single Buffer requirement not met.
display  D   display_settings.c:214  debug_display_settings           [   0.04438] color: 16 (rgba 5650), depth: 24, stencil: 8, acc: 0000, samples: 0/0
display  D   display_settings.c:400  _al_score_display_settings       [   0.04439] Single Buffer requirement not met.
display  D   display_settings.c:214  debug_display_settings           [   0.04440] color: 16 (rgba 5650), depth: 24, stencil: 0, acc: 0000, samples: 0/0
display  D   display_settings.c:400  _al_score_display_settings       [   0.04441] Single Buffer requirement not met.
display  D   display_settings.c:214  debug_display_settings           [   0.04442] color: 16 (rgba 5650), depth: 24, stencil: 0, acc: 0000, samples: 0/0
display  D   display_settings.c:400  _al_score_display_settings       [   0.04443] Single Buffer requirement not met.
display  D   display_settings.c:214  debug_display_settings           [   0.04444] color: 16 (rgba 5650), depth: 16, stencil: 0, acc: 0000, samples: 0/0
display  D   display_settings.c:400  _al_score_display_settings       [   0.04445] Single Buffer requirement not met.
display  D   display_settings.c:214  debug_display_settings           [   0.04446] color: 16 (rgba 5650), depth: 16, stencil: 0, acc: 0000, samples: 0/0
display  D   display_settings.c:400  _al_score_display_settings       [   0.04447] Single Buffer requirement not met.
display  D   display_settings.c:214  debug_display_settings           [   0.04449] color: 32 (rgba 8880), depth: 0, stencil: 0, acc: 0000, samples: 0/0
display  D   display_settings.c:529  _al_score_display_settings       [   0.04450] Score is : 769
display  D   display_settings.c:214  debug_display_settings           [   0.04451] color: 32 (rgba 8880), depth: 0, stencil: 0, acc: 0000, samples: 0/0
display  D   display_settings.c:529  _al_score_display_settings       [   0.04452] Score is : 769
display  D   display_settings.c:214  debug_display_settings           [   0.04453] color: 32 (rgba 8880), depth: 24, stencil: 8, acc: 0000, samples: 0/0
display  D   display_settings.c:529  _al_score_display_settings       [   0.04454] Score is : 769
display  D   display_settings.c:214  debug_display_settings           [   0.04455] color: 32 (rgba 8880), depth: 24, stencil: 8, acc: 0000, samples: 0/0
display  D   display_settings.c:529  _al_score_display_settings       [   0.04456] Score is : 769
display  D   display_settings.c:214  debug_display_settings           [   0.04457] color: 32 (rgba 8880), depth: 24, stencil: 0, acc: 0000, samples: 0/0
display  D   display_settings.c:529  _al_score_display_settings       [   0.04459] Score is : 769
display  D   display_settings.c:214  debug_display_settings           [   0.04460] color: 32 (rgba 8880), depth: 24, stencil: 0, acc: 0000, samples: 0/0
display  D   display_settings.c:529  _al_score_display_settings       [   0.04461] Score is : 769
display  D   display_settings.c:214  debug_display_settings           [   0.04462] color: 32 (rgba 8880), depth: 16, stencil: 0, acc: 0000, samples: 0/0
display  D   display_settings.c:529  _al_score_display_settings       [   0.04463] Score is : 769
display  D   display_settings.c:214  debug_display_settings           [   0.04464] color: 32 (rgba 8880), depth: 16, stencil: 0, acc: 0000, samples: 0/0
display  D   display_settings.c:529  _al_score_display_settings       [   0.04465] Score is : 769
display  D   display_settings.c:214  debug_display_settings           [   0.04466] color: 16 (rgba 5650), depth: 0, stencil: 0, acc: 0000, samples: 0/0
display  D   display_settings.c:529  _al_score_display_settings       [   0.04467] Score is : 769
display  D   display_settings.c:214  debug_display_settings           [   0.04468] color: 16 (rgba 5650), depth: 0, stencil: 0, acc: 0000, samples: 0/0
display  D   display_settings.c:529  _al_score_display_settings       [   0.04469] Score is : 769
display  D   display_settings.c:214  debug_display_settings           [   0.04470] color: 16 (rgba 5650), depth: 24, stencil: 8, acc: 0000, samples: 0/0
display  D   display_settings.c:529  _al_score_display_settings       [   0.04471] Score is : 769
display  D   display_settings.c:214  debug_display_settings           [   0.04472] color: 16 (rgba 5650), depth: 24, stencil: 8, acc: 0000, samples: 0/0
display  D   display_settings.c:529  _al_score_display_settings       [   0.04473] Score is : 769
display  D   display_settings.c:214  debug_display_settings           [   0.04474] color: 16 (rgba 5650), depth: 24, stencil: 0, acc: 0000, samples: 0/0
display  D   display_settings.c:529  _al_score_display_settings       [   0.04475] Score is : 769
display  D   display_settings.c:214  debug_display_settings           [   0.04476] color: 16 (rgba 5650), depth: 24, stencil: 0, acc: 0000, samples: 0/0
display  D   display_settings.c:529  _al_score_display_settings       [   0.04477] Score is : 769
display  D   display_settings.c:214  debug_display_settings           [   0.04479] color: 16 (rgba 5650), depth: 16, stencil: 0, acc: 0000, samples: 0/0
display  D   display_settings.c:529  _al_score_display_settings       [   0.04480] Score is : 769
display  D   display_settings.c:214  debug_display_settings           [   0.04481] color: 16 (rgba 5650), depth: 16, stencil: 0, acc: 0000, samples: 0/0
display  D   display_settings.c:529  _al_score_display_settings       [   0.04482] Score is : 769
display  D   display_settings.c:214  debug_display_settings           [   0.04483] color: 32 (rgba 8880), depth: 0, stencil: 0, acc: 0000, samples: 0/0
display  D   display_settings.c:400  _al_score_display_settings       [   0.04484] Single Buffer requirement not met.
display  D   display_settings.c:214  debug_display_settings           [   0.04485] color: 32 (rgba 8880), depth: 0, stencil: 0, acc: 0000, samples: 0/0
display  D   display_settings.c:400  _al_score_display_settings       [   0.04486] Single Buffer requirement not met.
display  D   display_settings.c:214  debug_display_settings           [   0.04487] color: 32 (rgba 8880), depth: 24, stencil: 8, acc: 0000, samples: 0/0
display  D   display_settings.c:400  _al_score_display_settings       [   0.04488] Single Buffer requirement not met.
display  D   display_settings.c:214  debug_display_settings           [   0.04489] color: 32 (rgba 8880), depth: 24, stencil: 8, acc: 0000, samples: 0/0
display  D   display_settings.c:400  _al_score_display_settings       [   0.04490] Single Buffer requirement not met.
display  D   display_settings.c:214  debug_display_settings           [   0.04491] color: 32 (rgba 8880), depth: 24, stencil: 0, acc: 0000, samples: 0/0
display  D   display_settings.c:400  _al_score_display_settings       [   0.04492] Single Buffer requirement not met.
display  D   display_settings.c:214  debug_display_settings           [   0.04493] color: 32 (rgba 8880), depth: 24, stencil: 0, acc: 0000, samples: 0/0
display  D   display_settings.c:400  _al_score_display_settings       [   0.04494] Single Buffer requirement not met.
display  D   display_settings.c:214  debug_display_settings           [   0.04495] color: 32 (rgba 8880), depth: 16, stencil: 0, acc: 0000, samples: 0/0
display  D   display_settings.c:400  _al_score_display_settings       [   0.04496] Single Buffer requirement not met.
display  D   display_settings.c:214  debug_display_settings           [   0.04500] color: 32 (rgba 8880), depth: 16, stencil: 0, acc: 0000, samples: 0/0
display  D   display_settings.c:400  _al_score_display_settings       [   0.04501] Single Buffer requirement not met.
display  D   display_settings.c:214  debug_display_settings           [   0.04502] color: 16 (rgba 5650), depth: 0, stencil: 0, acc: 0000, samples: 0/0
display  D   display_settings.c:400  _al_score_display_settings       [   0.04503] Single Buffer requirement not met.
display  D   display_settings.c:214  debug_display_settings           [   0.04504] color: 16 (rgba 5650), depth: 0, stencil: 0, acc: 0000, samples: 0/0
display  D   display_settings.c:400  _al_score_display_settings       [   0.04505] Single Buffer requirement not met.
display  D   display_settings.c:214  debug_display_settings           [   0.04506] color: 16 (rgba 5650), depth: 24, stencil: 8, acc: 0000, samples: 0/0
display  D   display_settings.c:400  _al_score_display_settings       [   0.04507] Single Buffer requirement not met.
display  D   display_settings.c:214  debug_display_settings           [   0.04508] color: 16 (rgba 5650), depth: 24, stencil: 8, acc: 0000, samples: 0/0
display  D   display_settings.c:400  _al_score_display_settings       [   0.04510] Single Buffer requirement not met.
display  D   display_settings.c:214  debug_display_settings           [   0.04511] color: 16 (rgba 5650), depth: 24, stencil: 0, acc: 0000, samples: 0/0
display  D   display_settings.c:400  _al_score_display_settings       [   0.04512] Single Buffer requirement not met.
display  D   display_settings.c:214  debug_display_settings           [   0.04513] color: 16 (rgba 5650), depth: 24, stencil: 0, acc: 0000, samples: 0/0
display  D   display_settings.c:400  _al_score_display_settings       [   0.04514] Single Buffer requirement not met.
display  D   display_settings.c:214  debug_display_settings           [   0.04515] color: 16 (rgba 5650), depth: 16, stencil: 0, acc: 0000, samples: 0/0
display  D   display_settings.c:400  _al_score_display_settings       [   0.04516] Single Buffer requirement not met.
display  D   display_settings.c:214  debug_display_settings           [   0.04517] color: 16 (rgba 5650), depth: 16, stencil: 0, acc: 0000, samples: 0/0
display  D   display_settings.c:400  _al_score_display_settings       [   0.04518] Single Buffer requirement not met.
d3d      D         d3d_disp.cpp:1677 d3d_create_display_internals     [   0.04521] Trying format 0.
d3d      I         d3d_disp.cpp:1353 d3d_display_thread_proc          [   0.04547] Chose a display format: 23
d3d      I         d3d_disp.cpp:1422 d3d_display_thread_proc          [   0.04550] Normal window.
d3d      I         d3d_disp.cpp:786  d3d_create_device                [   0.06582] Using no depth stencil buffer
d3d      D         d3d_disp.cpp:848  d3d_create_device                [   0.08842] BeginScene succeeded in create_device
d3d      D         d3d_disp.cpp:856  d3d_create_device                [   0.08854] Success
d3d      D         d3d_disp.cpp:1703 d3d_create_display_internals     [   0.08859] Resumed after wait.
d3d      I         d3d_disp.cpp:1736 d3d_create_display_internals     [   0.08866] Format 0 succeeded.
d3d      D         d3d_disp.cpp:1767 d3d_create_display_internals     [   0.08873] Returning d3d_display: 000001828d57db80
d3d      D         d3d_disp.cpp:1792 d3d_create_display_locked        [   0.08875] al_display=000001828d57db80
d3d      D         d3d_disp.cpp:1793 d3d_create_display_locked        [   0.08877] al_display->vt=000001828d57da10
system   W            wsystem.c:894  _al_win_safe_load_library        [   0.09129] PathFindOnPath failed to find d3dx9_43.dll
system   W            wsystem.c:894  _al_win_safe_load_library        [   0.09206] PathFindOnPath failed to find d3dx9_42.dll
system   W            wsystem.c:894  _al_win_safe_load_library        [   0.09246] PathFindOnPath failed to find d3dx9_41.dll
system   W            wsystem.c:894  _al_win_safe_load_library        [   0.09287] PathFindOnPath failed to find d3dx9_40.dll
system   W            wsystem.c:894  _al_win_safe_load_library        [   0.09333] PathFindOnPath failed to find d3dx9_39.dll
system   W            wsystem.c:894  _al_win_safe_load_library        [   0.09380] PathFindOnPath failed to find d3dx9_38.dll
system   W            wsystem.c:894  _al_win_safe_load_library        [   0.09447] PathFindOnPath failed to find d3dx9_37.dll
system   W            wsystem.c:894  _al_win_safe_load_library        [   0.09520] PathFindOnPath failed to find d3dx9_36.dll
system   W            wsystem.c:894  _al_win_safe_load_library        [   0.09603] PathFindOnPath failed to find d3dx9_35.dll
system   W            wsystem.c:894  _al_win_safe_load_library        [   0.09765] PathFindOnPath failed to find d3dx9_34.dll
system   W            wsystem.c:894  _al_win_safe_load_library        [   0.09917] PathFindOnPath failed to find d3dx9_33.dll
system   W            wsystem.c:894  _al_win_safe_load_library        [   0.09987] PathFindOnPath failed to find d3dx9_32.dll
system   W            wsystem.c:894  _al_win_safe_load_library        [   0.10058] PathFindOnPath failed to find d3dx9_31.dll
system   W            wsystem.c:894  _al_win_safe_load_library        [   0.10163] PathFindOnPath failed to find d3dx9_30.dll
system   W            wsystem.c:894  _al_win_safe_load_library        [   0.10249] PathFindOnPath failed to find d3dx9_29.dll
system   W            wsystem.c:894  _al_win_safe_load_library        [   0.10431] PathFindOnPath failed to find d3dx9_28.dll
system   W            wsystem.c:894  _al_win_safe_load_library        [   0.10550] PathFindOnPath failed to find d3dx9_27.dll
system   W            wsystem.c:894  _al_win_safe_load_library        [   0.10595] PathFindOnPath failed to find d3dx9_26.dll
system   W            wsystem.c:894  _al_win_safe_load_library        [   0.10635] PathFindOnPath failed to find d3dx9_25.dll
system   W            wsystem.c:894  _al_win_safe_load_library        [   0.10674] PathFindOnPath failed to find d3dx9_24.dll
d3dx9    E        d3d_d3dx9.cpp:121  _al_load_d3dx9_module            [   0.10676] Failed to load D3DX9 library. Library is not installed.
dtor     D               dtor.c:196  _al_register_destructor          [   0.10686] added dtor for queue 000001828ed43ac0, func 00007fff15a8cc4e
dtor     D               dtor.c:196  _al_register_destructor          [   0.11249] added dtor for timer 000001828ed44af0, func 00007fff15aa0dc2
stdio    D         file_stdio.c:110  file_stdio_fopen                 [   0.11260] opening ./image/icon.jpg rb
stdio    D         file_stdio.c:110  file_stdio_fopen                 [   0.12053] opening ./image/icon.jpg rb
d3d      D         d3d_disp.cpp:1197 real_choose_bitmap_format        [   0.12086] Fake format
d3d      D         d3d_disp.cpp:1197 real_choose_bitmap_format        [   0.12088] Fake format
d3d      D         d3d_disp.cpp:1197 real_choose_bitmap_format        [   0.12089] Fake format
d3d      D         d3d_disp.cpp:1197 real_choose_bitmap_format        [   0.12090] Fake format
d3d      D         d3d_disp.cpp:1197 real_choose_bitmap_format        [   0.12091] Fake format
d3d      D         d3d_disp.cpp:1197 real_choose_bitmap_format        [   0.12093] Fake format
d3d      D         d3d_disp.cpp:1197 real_choose_bitmap_format        [   0.12094] Fake format
d3d      D         d3d_disp.cpp:1197 real_choose_bitmap_format        [   0.12095] Fake format
d3d      D         d3d_disp.cpp:1197 real_choose_bitmap_format        [   0.12096] Fake format
d3d      D         d3d_disp.cpp:1205 real_choose_bitmap_format        [   0.12097] Alpha doesn't match
d3d      D         d3d_disp.cpp:1212 real_choose_bitmap_format        [   0.12098] Adapter format is 23
d3d      D         d3d_disp.cpp:1215 real_choose_bitmap_format        [   0.12100] Found a format
d3d      I         d3d_disp.cpp:2388 d3d_create_bitmap                [   0.12101] Chose bitmap format 9
dtor     D               dtor.c:196  _al_register_destructor          [   0.12149] added dtor for bitmap 000001828ed4f1d0, func 00007fff15a61bf8
d3d      D         d3d_disp.cpp:1197 real_choose_bitmap_format        [   0.12393] Fake format
d3d      D         d3d_disp.cpp:1197 real_choose_bitmap_format        [   0.12413] Fake format
d3d      D         d3d_disp.cpp:1197 real_choose_bitmap_format        [   0.12414] Fake format
d3d      D         d3d_disp.cpp:1197 real_choose_bitmap_format        [   0.12415] Fake format
d3d      D         d3d_disp.cpp:1197 real_choose_bitmap_format        [   0.12416] Fake format
d3d      D         d3d_disp.cpp:1197 real_choose_bitmap_format        [   0.12417] Fake format
d3d      D         d3d_disp.cpp:1197 real_choose_bitmap_format        [   0.12418] Fake format
d3d      D         d3d_disp.cpp:1197 real_choose_bitmap_format        [   0.12419] Fake format
d3d      D         d3d_disp.cpp:1197 real_choose_bitmap_format        [   0.12420] Fake format
d3d      D         d3d_disp.cpp:1205 real_choose_bitmap_format        [   0.12421] Alpha doesn't match
d3d      D         d3d_disp.cpp:1212 real_choose_bitmap_format        [   0.12422] Adapter format is 23
d3d      D         d3d_disp.cpp:1215 real_choose_bitmap_format        [   0.12424] Found a format
d3d      I         d3d_disp.cpp:2388 d3d_create_bitmap                [   0.12425] Chose bitmap format 9
dtor     D               dtor.c:196  _al_register_destructor          [   0.12501] added dtor for bitmap 000001828edde320, func 00007fff15a61bf8
d3d      D          d3d_bmp.cpp:539  _al_d3d_sync_bitmap              [   0.13553] _al_d3d_sync_bitmap (system) ref count == 1
d3d      D          d3d_bmp.cpp:545  _al_d3d_sync_bitmap              [   0.13567] _al_d3d_sync_bitmap (video) ref count == 1
dtor     D               dtor.c:227  _al_unregister_destructor        [   0.13697] removed dtor for bitmap 000001828edde320
d3d      D         d3d_disp.cpp:1197 real_choose_bitmap_format        [   0.13861] Fake format
d3d      D         d3d_disp.cpp:1197 real_choose_bitmap_format        [   0.13884] Fake format
d3d      D         d3d_disp.cpp:1197 real_choose_bitmap_format        [   0.13885] Fake format
d3d      D         d3d_disp.cpp:1197 real_choose_bitmap_format        [   0.13886] Fake format
d3d      D         d3d_disp.cpp:1197 real_choose_bitmap_format        [   0.13888] Fake format
d3d      D         d3d_disp.cpp:1197 real_choose_bitmap_format        [   0.13889] Fake format
d3d      D         d3d_disp.cpp:1197 real_choose_bitmap_format        [   0.13890] Fake format
d3d      D         d3d_disp.cpp:1197 real_choose_bitmap_format        [   0.13892] Fake format
d3d      D         d3d_disp.cpp:1197 real_choose_bitmap_format        [   0.13893] Fake format
d3d      D         d3d_disp.cpp:1205 real_choose_bitmap_format        [   0.13895] Alpha doesn't match
d3d      D         d3d_disp.cpp:1212 real_choose_bitmap_format        [   0.13896] Adapter format is 23
d3d      D         d3d_disp.cpp:1215 real_choose_bitmap_format        [   0.13898] Found a format
d3d      I         d3d_disp.cpp:2388 d3d_create_bitmap                [   0.13899] Chose bitmap format 9
dtor     D               dtor.c:196  _al_register_destructor          [   0.13921] added dtor for bitmap 000001828edde320, func 00007fff15a61bf8
d3d      D          d3d_bmp.cpp:539  _al_d3d_sync_bitmap              [   0.14137] _al_d3d_sync_bitmap (system) ref count == 1
d3d      D          d3d_bmp.cpp:545  _al_d3d_sync_bitmap              [   0.14139] _al_d3d_sync_bitmap (video) ref count == 1
dtor     D               dtor.c:227  _al_unregister_destructor        [   0.14273] removed dtor for bitmap 000001828edde320
stdio    D         file_stdio.c:110  file_stdio_fopen                 [   0.14431] opening ./sound/hello.wav rb
stdio    D         file_stdio.c:110  file_stdio_fopen                 [   0.15055] opening ./sound/hello.wav rb
wav      E                wav.c:121  wav_open                         [   0.15073] Bad RIFF type.
dtor     D               dtor.c:196  _al_register_destructor          [   0.15077] added dtor for sample 000001828ed432d0, func 00007fff15bc1b08
audio-dsound D           dsound.cpp:322  _dsound_allocate_voice           [   0.17758] Allocating voice
audio-dsound D           dsound.cpp:381  _dsound_allocate_voice           [   0.17764] Allocated voice
dtor     D               dtor.c:196  _al_register_destructor          [   0.17766] added dtor for voice 000001828ed3c3c0, func 00007fff15bc5312
dtor     D               dtor.c:196  _al_register_destructor          [   0.17768] added dtor for mixer 000001828edde320, func 00007fff15bc050f
audio-dsound D           dsound.cpp:477  _dsound_start_voice              [   0.17769] Starting voice
audio-dsound D           dsound.cpp:505  _dsound_start_voice              [   0.17770] CreateSoundBuffer
audio-dsound D           dsound.cpp:513  _dsound_start_voice              [   0.17976] CreateSoundBuffer succeeded
audio-dsound D           dsound.cpp:519  _dsound_start_voice              [   0.18013] Starting _dsound_update thread
audio-dsound I           dsound.cpp:529  _dsound_start_voice              [   0.18057] Voice started
dtor     D               dtor.c:196  _al_register_destructor          [   0.18092] added dtor for sample_instance 000001828edde760, func 00007fff15bb90dc
audio    D          kcm_mixer.c:121  _al_rechannel_matrix             [   0.18096] sample matrix:
audio    D          kcm_mixer.c:127  _al_rechannel_matrix             [   0.18098] 
audio    D          kcm_mixer.c:127  _al_rechannel_matrix             [   0.18099] 
dtor     D               dtor.c:196  _al_register_destructor          [   0.18102] added dtor for sample_instance 000001828edde880, func 00007fff15bb90dc
audio    D          kcm_mixer.c:121  _al_rechannel_matrix             [   0.18104] sample matrix:
audio    D          kcm_mixer.c:127  _al_rechannel_matrix             [   0.18107] 
audio    D          kcm_mixer.c:127  _al_rechannel_matrix             [   0.18109] 
dtor     D               dtor.c:196  _al_register_destructor          [   0.18112] added dtor for sample_instance 000001828edde9a0, func 00007fff15bb90dc
audio    D          kcm_mixer.c:121  _al_rechannel_matrix             [   0.18132] sample matrix:
audio    D          kcm_mixer.c:127  _al_rechannel_matrix             [   0.18139] 
audio    D          kcm_mixer.c:127  _al_rechannel_matrix             [   0.18141] 
dtor     D               dtor.c:196  _al_register_destructor          [   0.18144] added dtor for sample_instance 000001828edde480, func 00007fff15bb90dc
audio    D          kcm_mixer.c:121  _al_rechannel_matrix             [   0.18147] sample matrix:
audio    D          kcm_mixer.c:127  _al_rechannel_matrix             [   0.18149] 
audio    D          kcm_mixer.c:127  _al_rechannel_matrix             [   0.18151] 
dtor     D               dtor.c:196  _al_register_destructor          [   0.18153] added dtor for sample_instance 000001828edde630, func 00007fff15bb90dc
audio    D          kcm_mixer.c:121  _al_rechannel_matrix             [   0.18156] sample matrix:
audio    D          kcm_mixer.c:127  _al_rechannel_matrix             [   0.18158] 
audio    D          kcm_mixer.c:127  _al_rechannel_matrix             [   0.18159] 
dtor     D               dtor.c:196  _al_register_destructor          [   0.18161] added dtor for sample_instance 000001828ed49c60, func 00007fff15bb90dc
audio    D          kcm_mixer.c:121  _al_rechannel_matrix             [   0.18163] sample matrix:
audio    D          kcm_mixer.c:127  _al_rechannel_matrix             [   0.18165] 
audio    D          kcm_mixer.c:127  _al_rechannel_matrix             [   0.18166] 
dtor     D               dtor.c:196  _al_register_destructor          [   0.18168] added dtor for sample_instance 000001828ed49d80, func 00007fff15bb90dc
audio    D          kcm_mixer.c:121  _al_rechannel_matrix             [   0.18170] sample matrix:
audio    D          kcm_mixer.c:127  _al_rechannel_matrix             [   0.18172] 
audio    D          kcm_mixer.c:127  _al_rechannel_matrix             [   0.18173] 
dtor     D               dtor.c:196  _al_register_destructor          [   0.18182] added dtor for sample_instance 000001828ed49ea0, func 00007fff15bb90dc
audio    D          kcm_mixer.c:121  _al_rechannel_matrix             [   0.18185] sample matrix:
audio    D          kcm_mixer.c:127  _al_rechannel_matrix             [   0.18186] 
audio    D          kcm_mixer.c:127  _al_rechannel_matrix             [   0.18187] 
dtor     D               dtor.c:196  _al_register_destructor          [   0.18189] added dtor for sample_instance 000001828ed4a0d0, func 00007fff15bb90dc
audio    D          kcm_mixer.c:121  _al_rechannel_matrix             [   0.18192] sample matrix:
audio    D          kcm_mixer.c:127  _al_rechannel_matrix             [   0.18193] 
audio    D          kcm_mixer.c:127  _al_rechannel_matrix             [   0.18194] 
dtor     D               dtor.c:196  _al_register_destructor          [   0.18196] added dtor for sample_instance 000001828ed4a1f0, func 00007fff15bb90dc
audio    D          kcm_mixer.c:121  _al_rechannel_matrix             [   0.18198] sample matrix:
audio    D          kcm_mixer.c:127  _al_rechannel_matrix             [   0.18200] 
audio    D          kcm_mixer.c:127  _al_rechannel_matrix             [   0.18201] 
dtor     D               dtor.c:196  _al_register_destructor          [   0.18202] added dtor for sample_instance 000001828ed4a310, func 00007fff15bb90dc
audio    D          kcm_mixer.c:121  _al_rechannel_matrix             [   0.18205] sample matrix:
audio    D          kcm_mixer.c:127  _al_rechannel_matrix             [   0.18206] 
audio    D          kcm_mixer.c:127  _al_rechannel_matrix             [   0.18207] 
dtor     D               dtor.c:196  _al_register_destructor          [   0.18208] added dtor for sample_instance 000001828ed4ad80, func 00007fff15bb90dc
audio    D          kcm_mixer.c:121  _al_rechannel_matrix             [   0.18210] sample matrix:
audio    D          kcm_mixer.c:127  _al_rechannel_matrix             [   0.18211] 
audio    D          kcm_mixer.c:127  _al_rechannel_matrix             [   0.18212] 
dtor     D               dtor.c:196  _al_register_destructor          [   0.18215] added dtor for sample_instance 000001828ed4a7e0, func 00007fff15bb90dc
audio    D          kcm_mixer.c:121  _al_rechannel_matrix             [   0.18216] sample matrix:
audio    D          kcm_mixer.c:127  _al_rechannel_matrix             [   0.18218] 
audio    D          kcm_mixer.c:127  _al_rechannel_matrix             [   0.18219] 
dtor     D               dtor.c:196  _al_register_destructor          [   0.18222] added dtor for sample_instance 000001828ed4a900, func 00007fff15bb90dc
audio    D          kcm_mixer.c:121  _al_rechannel_matrix             [   0.18223] sample matrix:
audio    D          kcm_mixer.c:127  _al_rechannel_matrix             [   0.18224] 
audio    D          kcm_mixer.c:127  _al_rechannel_matrix             [   0.18225] 
dtor     D               dtor.c:196  _al_register_destructor          [   0.18227] added dtor for sample_instance 000001828ed4a5a0, func 00007fff15bb90dc
audio    D          kcm_mixer.c:121  _al_rechannel_matrix             [   0.18230] sample matrix:
audio    D          kcm_mixer.c:127  _al_rechannel_matrix             [   0.18231] 
audio    D          kcm_mixer.c:127  _al_rechannel_matrix             [   0.18232] 
dtor     D               dtor.c:196  _al_register_destructor          [   0.18234] added dtor for sample_instance 000001828ed4aa20, func 00007fff15bb90dc
audio    D          kcm_mixer.c:121  _al_rechannel_matrix             [   0.18235] sample matrix:
audio    D          kcm_mixer.c:127  _al_rechannel_matrix             [   0.18237] 
audio    D          kcm_mixer.c:127  _al_rechannel_matrix             [   0.18238] 
dtor     D               dtor.c:196  _al_register_destructor          [   0.18239] added dtor for sample_instance 000001828ed4ab40, func 00007fff15bb90dc
audio    D          kcm_mixer.c:121  _al_rechannel_matrix             [   0.18241] sample matrix:
audio    D          kcm_mixer.c:127  _al_rechannel_matrix             [   0.18242] 
audio    D          kcm_mixer.c:127  _al_rechannel_matrix             [   0.18243] 
dtor     D               dtor.c:196  _al_register_destructor          [   0.18244] added dtor for sample_instance 000001828ed4a480, func 00007fff15bb90dc
audio    D          kcm_mixer.c:121  _al_rechannel_matrix             [   0.18246] sample matrix:
audio    D          kcm_mixer.c:127  _al_rechannel_matrix             [   0.18247] 
audio    D          kcm_mixer.c:127  _al_rechannel_matrix             [   0.18250] 
dtor     D               dtor.c:196  _al_register_destructor          [   0.18251] added dtor for sample_instance 000001828ed4b200, func 00007fff15bb90dc
audio    D          kcm_mixer.c:121  _al_rechannel_matrix             [   0.18252] sample matrix:
audio    D          kcm_mixer.c:127  _al_rechannel_matrix             [   0.18253] 
audio    D          kcm_mixer.c:127  _al_rechannel_matrix             [   0.18255] 
dtor     D               dtor.c:196  _al_register_destructor          [   0.18256] added dtor for sample_instance 000001828ed4a6c0, func 00007fff15bb90dc
audio    D          kcm_mixer.c:121  _al_rechannel_matrix             [   0.18257] sample matrix:
audio    D          kcm_mixer.c:127  _al_rechannel_matrix             [   0.18259] 
audio    D          kcm_mixer.c:127  _al_rechannel_matrix             [   0.18260] 
dtor     D               dtor.c:196  _al_register_destructor          [   0.18262] added dtor for sample_instance 000001828ed4afc0, func 00007fff15bb90dc
audio-dsound D           dsound.cpp:539  _dsound_stop_voice               [   0.18263] Stopping voice
audio-dsound D           dsound.cpp:556  _dsound_stop_voice               [   0.18265] Joining thread
audio-dsound D           dsound.cpp:562  _dsound_stop_voice               [   0.81959] Joined thread
audio-dsound D           dsound.cpp:564  _dsound_stop_voice               [   0.81967] Destroying thread
audio-dsound D           dsound.cpp:566  _dsound_stop_voice               [   0.81968] Thread destroyed
audio-dsound D           dsound.cpp:573  _dsound_stop_voice               [   0.81970] Releasing buffer
audio-dsound I           dsound.cpp:577  _dsound_stop_voice               [   0.81971] Voice stopped
audio-dsound D           dsound.cpp:477  _dsound_start_voice              [   0.81972] Starting voice
audio-dsound D           dsound.cpp:505  _dsound_start_voice              [   0.81973] CreateSoundBuffer
audio-dsound D           dsound.cpp:513  _dsound_start_voice              [   0.81980] CreateSoundBuffer succeeded
audio-dsound D           dsound.cpp:519  _dsound_start_voice              [   0.81981] Starting _dsound_update thread
audio-dsound I           dsound.cpp:529  _dsound_start_voice              [   0.81987] Voice started
audio    D          kcm_mixer.c:121  _al_rechannel_matrix             [   0.81988] sample matrix:
audio    D          kcm_mixer.c:127  _al_rechannel_matrix             [   0.81990]  0.707107 0.000000
audio    D          kcm_mixer.c:127  _al_rechannel_matrix             [   0.81992]  0.000000 0.707107
stdio    D         file_stdio.c:110  file_stdio_fopen                 [   0.81995] opening ./font/pirulen.ttf rb
font     D                ttf.c:973  al_load_ttf_font_stretch_f       [   0.82463] Font ./font/pirulen.ttf loaded with pixel size 0 x 12.
font     D                ttf.c:975  al_load_ttf_font_stretch_f       [   0.82468]     ascent=12.0, descent=-3.0, height=14.0
dtor     D               dtor.c:196  _al_register_destructor          [   0.82469] added dtor for ttf_font 000001828ed41da0, func 00007fff15bb4170
d3d      D         d3d_disp.cpp:1197 real_choose_bitmap_format        [   0.85325] Fake format
d3d      D         d3d_disp.cpp:1197 real_choose_bitmap_format        [   0.85331] Fake format
d3d      D         d3d_disp.cpp:1197 real_choose_bitmap_format        [   0.85332] Fake format
d3d      D         d3d_disp.cpp:1197 real_choose_bitmap_format        [   0.85333] Fake format
d3d      D         d3d_disp.cpp:1197 real_choose_bitmap_format        [   0.85334] Fake format
d3d      D         d3d_disp.cpp:1197 real_choose_bitmap_format        [   0.85336] Fake format
d3d      D         d3d_disp.cpp:1197 real_choose_bitmap_format        [   0.85337] Fake format
d3d      D         d3d_disp.cpp:1197 real_choose_bitmap_format        [   0.85338] Fake format
d3d      D         d3d_disp.cpp:1197 real_choose_bitmap_format        [   0.85339] Fake format
d3d      D         d3d_disp.cpp:1205 real_choose_bitmap_format        [   0.85340] Alpha doesn't match
d3d      D         d3d_disp.cpp:1212 real_choose_bitmap_format        [   0.85341] Adapter format is 23
d3d      D         d3d_disp.cpp:1215 real_choose_bitmap_format        [   0.85342] Found a format
d3d      I         d3d_disp.cpp:2388 d3d_create_bitmap                [   0.85343] Chose bitmap format 9
font     D                ttf.c:243  alloc_glyph_region               [   0.85371] Glyph 50: 15x13 (16x16)
font     D                ttf.c:287  alloc_glyph_region               [   0.85373] Locking glyph region: 00000182945aa4a0 0 0 16 16
font     D                ttf.c:167  unlock_current_page              [   0.85382] Unlocking page: 00000182945aa4a0
font     D                ttf.c:243  alloc_glyph_region               [   0.85391] Glyph 78: 14x13 (16x16)
font     D                ttf.c:287  alloc_glyph_region               [   0.85392] Locking glyph region: 00000182945aa4a0 16 0 16 16
font     D                ttf.c:167  unlock_current_page              [   0.85394] Unlocking page: 00000182945aa4a0
font     D                ttf.c:243  alloc_glyph_region               [   0.85400] Glyph 67: 17x13 (20x16)
font     D                ttf.c:287  alloc_glyph_region               [   0.85402] Locking glyph region: 00000182945aa4a0 32 0 20 16
font     D                ttf.c:167  unlock_current_page              [   0.85403] Unlocking page: 00000182945aa4a0
font     D                ttf.c:243  alloc_glyph_region               [   0.85409] Glyph 91: 17x13 (20x16)
font     D                ttf.c:287  alloc_glyph_region               [   0.85410] Locking glyph region: 00000182945aa4a0 52 0 20 16
font     D                ttf.c:167  unlock_current_page              [   0.85412] Unlocking page: 00000182945aa4a0
font     D                ttf.c:243  alloc_glyph_region               [   0.85434] Glyph 53: 15x13 (16x16)
font     D                ttf.c:287  alloc_glyph_region               [   0.85436] Locking glyph region: 00000182945aa4a0 72 0 16 16
font     D                ttf.c:167  unlock_current_page              [   0.85792] Unlocking page: 00000182945aa4a0
font     D                ttf.c:243  alloc_glyph_region               [   0.85809] Glyph 86: 15x13 (16x16)
font     D                ttf.c:287  alloc_glyph_region               [   0.85810] Locking glyph region: 00000182945aa4a0 88 0 16 16
font     D                ttf.c:167  unlock_current_page              [   0.85813] Unlocking page: 00000182945aa4a0
font     D                ttf.c:243  alloc_glyph_region               [   0.85820] Glyph 81: 16x13 (16x16)
font     D                ttf.c:287  alloc_glyph_region               [   0.85821] Locking glyph region: 00000182945aa4a0 104 0 16 16
font     D                ttf.c:167  unlock_current_page              [   0.85823] Unlocking page: 00000182945aa4a0
font     D                ttf.c:243  alloc_glyph_region               [   0.85831] Glyph 84: 15x13 (16x16)
font     D                ttf.c:287  alloc_glyph_region               [   0.85832] Locking glyph region: 00000182945aa4a0 120 0 16 16
font     D                ttf.c:167  unlock_current_page              [   0.85834] Unlocking page: 00000182945aa4a0
font     D                ttf.c:243  alloc_glyph_region               [   0.85842] Glyph 71: 14x13 (16x16)
font     D                ttf.c:287  alloc_glyph_region               [   0.85843] Locking glyph region: 00000182945aa4a0 136 0 16 16
font     D                ttf.c:167  unlock_current_page              [   0.85846] Unlocking page: 00000182945aa4a0
font     D                ttf.c:243  alloc_glyph_region               [   0.85853] Glyph 43: 7x13 (8x16)
font     D                ttf.c:287  alloc_glyph_region               [   0.85855] Locking glyph region: 00000182945aa4a0 152 0 8 16
font     D                ttf.c:167  unlock_current_page              [   0.85864] Unlocking page: 00000182945aa4a0
font     D                ttf.c:243  alloc_glyph_region               [   0.85872] Glyph 80: 16x13 (16x16)
font     D                ttf.c:287  alloc_glyph_region               [   0.85873] Locking glyph region: 00000182945aa4a0 160 0 16 16
font     D                ttf.c:167  unlock_current_page              [   0.85875] Unlocking page: 00000182945aa4a0
d3d      D          d3d_bmp.cpp:539  _al_d3d_sync_bitmap              [   0.86150] _al_d3d_sync_bitmap (system) ref count == 1
d3d      D          d3d_bmp.cpp:545  _al_d3d_sync_bitmap              [   0.86158] _al_d3d_sync_bitmap (video) ref count == 1
d3d      D          d3d_bmp.cpp:539  _al_d3d_sync_bitmap              [   0.86264] _al_d3d_sync_bitmap (system) ref count == 1
d3d      D          d3d_bmp.cpp:545  _al_d3d_sync_bitmap              [   0.86270] _al_d3d_sync_bitmap (video) ref count == 1
dtor     D               dtor.c:227  _al_unregister_destructor        [   1.82100] removed dtor for ttf_font 000001828ed41da0
stdio    D         file_stdio.c:110  file_stdio_fopen                 [   1.82122] opening ./font/pirulen.ttf rb
font     D                ttf.c:973  al_load_ttf_font_stretch_f       [   1.82150] Font ./font/pirulen.ttf loaded with pixel size 0 x 12.
font     D                ttf.c:975  al_load_ttf_font_stretch_f       [   1.82152]     ascent=12.0, descent=-3.0, height=14.0
dtor     D               dtor.c:196  _al_register_destructor          [   1.82153] added dtor for ttf_font 000001828ed41e60, func 00007fff15bb4170
d3d      D         d3d_disp.cpp:1197 real_choose_bitmap_format        [   1.82169] Fake format
d3d      D         d3d_disp.cpp:1197 real_choose_bitmap_format        [   1.82170] Fake format
d3d      D         d3d_disp.cpp:1197 real_choose_bitmap_format        [   1.82171] Fake format
d3d      D         d3d_disp.cpp:1197 real_choose_bitmap_format        [   1.82172] Fake format
d3d      D         d3d_disp.cpp:1197 real_choose_bitmap_format        [   1.82173] Fake format
d3d      D         d3d_disp.cpp:1197 real_choose_bitmap_format        [   1.82174] Fake format
d3d      D         d3d_disp.cpp:1197 real_choose_bitmap_format        [   1.82175] Fake format
d3d      D         d3d_disp.cpp:1197 real_choose_bitmap_format        [   1.82176] Fake format
d3d      D         d3d_disp.cpp:1197 real_choose_bitmap_format        [   1.82177] Fake format
d3d      D         d3d_disp.cpp:1205 real_choose_bitmap_format        [   1.82178] Alpha doesn't match
d3d      D         d3d_disp.cpp:1212 real_choose_bitmap_format        [   1.82178] Adapter format is 23
d3d      D         d3d_disp.cpp:1215 real_choose_bitmap_format        [   1.82180] Found a format
d3d      I         d3d_disp.cpp:2388 d3d_create_bitmap                [   1.82181] Chose bitmap format 9
font     D                ttf.c:243  alloc_glyph_region               [   1.82199] Glyph 68: 15x13 (16x16)
font     D                ttf.c:287  alloc_glyph_region               [   1.82202] Locking glyph region: 00000182945a7f70 0 0 16 16
font     D                ttf.c:167  unlock_current_page              [   1.82212] Unlocking page: 00000182945a7f70
font     D                ttf.c:243  alloc_glyph_region               [   1.82219] Glyph 67: 17x13 (20x16)
font     D                ttf.c:287  alloc_glyph_region               [   1.82220] Locking glyph region: 00000182945a7f70 16 0 20 16
font     D                ttf.c:167  unlock_current_page              [   1.82222] Unlocking page: 00000182945a7f70
font     D                ttf.c:243  alloc_glyph_region               [   1.82229] Glyph 69: 15x13 (16x16)
font     D                ttf.c:287  alloc_glyph_region               [   1.82230] Locking glyph region: 00000182945a7f70 36 0 16 16
font     D                ttf.c:167  unlock_current_page              [   1.82231] Unlocking page: 00000182945a7f70
font     D                ttf.c:243  alloc_glyph_region               [   1.82239] Glyph 77: 15x13 (16x16)
font     D                ttf.c:287  alloc_glyph_region               [   1.82242] Locking glyph region: 00000182945a7f70 52 0 16 16
font     D                ttf.c:167  unlock_current_page              [   1.82244] Unlocking page: 00000182945a7f70
d3d      D          d3d_bmp.cpp:539  _al_d3d_sync_bitmap              [   1.82276] _al_d3d_sync_bitmap (system) ref count == 1
d3d      D          d3d_bmp.cpp:545  _al_d3d_sync_bitmap              [   1.82278] _al_d3d_sync_bitmap (video) ref count == 1
dtor     D               dtor.c:227  _al_unregister_destructor        [   2.58688] removed dtor for ttf_font 000001828ed41e60
stdio    D         file_stdio.c:110  file_stdio_fopen                 [   2.58710] opening ./font/pirulen.ttf rb
font     D                ttf.c:973  al_load_ttf_font_stretch_f       [   2.58742] Font ./font/pirulen.ttf loaded with pixel size 0 x 12.
font     D                ttf.c:975  al_load_ttf_font_stretch_f       [   2.58744]     ascent=12.0, descent=-3.0, height=14.0
dtor     D               dtor.c:196  _al_register_destructor          [   2.58745] added dtor for ttf_font 000001828ed41e30, func 00007fff15bb4170
d3d      D         d3d_disp.cpp:1197 real_choose_bitmap_format        [   2.58759] Fake format
d3d      D         d3d_disp.cpp:1197 real_choose_bitmap_format        [   2.58760] Fake format
d3d      D         d3d_disp.cpp:1197 real_choose_bitmap_format        [   2.58761] Fake format
d3d      D         d3d_disp.cpp:1197 real_choose_bitmap_format        [   2.58762] Fake format
d3d      D         d3d_disp.cpp:1197 real_choose_bitmap_format        [   2.58763] Fake format
d3d      D         d3d_disp.cpp:1197 real_choose_bitmap_format        [   2.58764] Fake format
d3d      D         d3d_disp.cpp:1197 real_choose_bitmap_format        [   2.58765] Fake format
d3d      D         d3d_disp.cpp:1197 real_choose_bitmap_format        [   2.58766] Fake format
d3d      D         d3d_disp.cpp:1197 real_choose_bitmap_format        [   2.58767] Fake format
d3d      D         d3d_disp.cpp:1205 real_choose_bitmap_format        [   2.58768] Alpha doesn't match
d3d      D         d3d_disp.cpp:1212 real_choose_bitmap_format        [   2.58769] Adapter format is 23
d3d      D         d3d_disp.cpp:1215 real_choose_bitmap_format        [   2.58770] Found a format
d3d      I         d3d_disp.cpp:2388 d3d_create_bitmap                [   2.58771] Chose bitmap format 9
font     D                ttf.c:243  alloc_glyph_region               [   2.58787] Glyph 50: 15x13 (16x16)
font     D                ttf.c:287  alloc_glyph_region               [   2.58789] Locking glyph region: 00000182945a8180 0 0 16 16
font     D                ttf.c:167  unlock_current_page              [   2.58795] Unlocking page: 00000182945a8180
font     D                ttf.c:243  alloc_glyph_region               [   2.58803] Glyph 78: 14x13 (16x16)
font     D                ttf.c:287  alloc_glyph_region               [   2.58804] Locking glyph region: 00000182945a8180 16 0 16 16
font     D                ttf.c:167  unlock_current_page              [   2.58805] Unlocking page: 00000182945a8180
font     D                ttf.c:243  alloc_glyph_region               [   2.58811] Glyph 67: 17x13 (20x16)
font     D                ttf.c:287  alloc_glyph_region               [   2.58812] Locking glyph region: 00000182945a8180 32 0 20 16
font     D                ttf.c:167  unlock_current_page              [   2.58814] Unlocking page: 00000182945a8180
font     D                ttf.c:243  alloc_glyph_region               [   2.58819] Glyph 91: 17x13 (20x16)
font     D                ttf.c:287  alloc_glyph_region               [   2.58820] Locking glyph region: 00000182945a8180 52 0 20 16
font     D                ttf.c:167  unlock_current_page              [   2.58822] Unlocking page: 00000182945a8180
font     D                ttf.c:243  alloc_glyph_region               [   2.58832] Glyph 53: 15x13 (16x16)
font     D                ttf.c:287  alloc_glyph_region               [   2.58834] Locking glyph region: 00000182945a8180 72 0 16 16
font     D                ttf.c:167  unlock_current_page              [   2.58840] Unlocking page: 00000182945a8180
font     D                ttf.c:243  alloc_glyph_region               [   2.58848] Glyph 86: 15x13 (16x16)
font     D                ttf.c:287  alloc_glyph_region               [   2.58849] Locking glyph region: 00000182945a8180 88 0 16 16
font     D                ttf.c:167  unlock_current_page              [   2.58851] Unlocking page: 00000182945a8180
font     D                ttf.c:243  alloc_glyph_region               [   2.58859] Glyph 81: 16x13 (16x16)
font     D                ttf.c:287  alloc_glyph_region               [   2.58860] Locking glyph region: 00000182945a8180 104 0 16 16
font     D                ttf.c:167  unlock_current_page              [   2.58862] Unlocking page: 00000182945a8180
font     D                ttf.c:243  alloc_glyph_region               [   2.58870] Glyph 84: 15x13 (16x16)
font     D                ttf.c:287  alloc_glyph_region               [   2.58872] Locking glyph region: 00000182945a8180 120 0 16 16
font     D                ttf.c:167  unlock_current_page              [   2.58873] Unlocking page: 00000182945a8180
font     D                ttf.c:243  alloc_glyph_region               [   2.58882] Glyph 71: 14x13 (16x16)
font     D                ttf.c:287  alloc_glyph_region               [   2.58884] Locking glyph region: 00000182945a8180 136 0 16 16
font     D                ttf.c:167  unlock_current_page              [   2.58886] Unlocking page: 00000182945a8180
font     D                ttf.c:243  alloc_glyph_region               [   2.58891] Glyph 43: 7x13 (8x16)
font     D                ttf.c:287  alloc_glyph_region               [   2.58892] Locking glyph region: 00000182945a8180 152 0 8 16
font     D                ttf.c:167  unlock_current_page              [   2.58900] Unlocking page: 00000182945a8180
font     D                ttf.c:243  alloc_glyph_region               [   2.58907] Glyph 80: 16x13 (16x16)
font     D                ttf.c:287  alloc_glyph_region               [   2.58909] Locking glyph region: 00000182945a8180 160 0 16 16
font     D                ttf.c:167  unlock_current_page              [   2.58910] Unlocking page: 00000182945a8180
d3d      D          d3d_bmp.cpp:539  _al_d3d_sync_bitmap              [   2.58955] _al_d3d_sync_bitmap (system) ref count == 1
d3d      D          d3d_bmp.cpp:545  _al_d3d_sync_bitmap              [   2.58957] _al_d3d_sync_bitmap (video) ref count == 1
dtor     D               dtor.c:227  _al_unregister_destructor        [   3.26959] removed dtor for queue 000001828ed43ac0
d3d      I         d3d_disp.cpp:910  d3d_destroy_display              [   3.26974] destroying display 000001828d57db80 (current 0000000000000000)
bitmap   D        bitmap_type.c:308  _al_convert_to_memory_bitmap     [   3.27290] converting display bitmap 00000182945a8180 to memory bitmap
dtor     D               dtor.c:196  _al_register_destructor          [   3.27299] added dtor for bitmap 00000182945a7f70, func 00007fff15a61bf8
d3d      D          d3d_bmp.cpp:539  _al_d3d_sync_bitmap              [   3.27304] _al_d3d_sync_bitmap (system) ref count == 1
d3d      D          d3d_bmp.cpp:545  _al_d3d_sync_bitmap              [   3.27305] _al_d3d_sync_bitmap (video) ref count == 1
dtor     D               dtor.c:227  _al_unregister_destructor        [   3.27364] removed dtor for bitmap 00000182945a7f70
bitmap   D        bitmap_type.c:308  _al_convert_to_memory_bitmap     [   3.27376] converting display bitmap 000001828ed4f1d0 to memory bitmap
dtor     D               dtor.c:196  _al_register_destructor          [   3.27383] added dtor for bitmap 00000182945a7f70, func 00007fff15a61bf8
d3d      D          d3d_bmp.cpp:539  _al_d3d_sync_bitmap              [   3.27384] _al_d3d_sync_bitmap (system) ref count == 1
d3d      D          d3d_bmp.cpp:545  _al_d3d_sync_bitmap              [   3.27387] _al_d3d_sync_bitmap (video) ref count == 1
dtor     D               dtor.c:227  _al_unregister_destructor        [   3.27487] removed dtor for bitmap 00000182945a7f70
d3d      D         d3d_disp.cpp:894  d3d_destroy_display_internals    [   3.27503] waiting for display 000001828d57db80's thread to end
d3d      W         d3d_disp.cpp:603  d3d_destroy_device               [   3.28161] d3d_destroy_device: ref count not 0
d3d      W         d3d_disp.cpp:603  d3d_destroy_device               [   3.28169] d3d_destroy_device: ref count not 0
d3d      I         d3d_disp.cpp:1557 d3d_display_thread_proc          [   3.29280] d3d display thread exits
dtor     D               dtor.c:116  _al_run_destructors              [   3.29390] calling dtor for ttf_font 000001828ed41e30, func 00007fff15bb4170
dtor     D               dtor.c:227  _al_unregister_destructor        [   3.29395] removed dtor for ttf_font 000001828ed41e30
dtor     D               dtor.c:116  _al_run_destructors              [   3.29420] calling dtor for bitmap 000001828ed4f1d0, func 00007fff15a61bf8
dtor     D               dtor.c:227  _al_unregister_destructor        [   3.29425] removed dtor for bitmap 000001828ed4f1d0
dtor     D               dtor.c:116  _al_run_destructors              [   3.29427] calling dtor for timer 000001828ed44af0, func 00007fff15aa0dc2
dtor     D               dtor.c:227  _al_unregister_destructor        [   3.29428] removed dtor for timer 000001828ed44af0
dtor     D               dtor.c:227  _al_unregister_destructor        [   3.29432] removed dtor for sample_instance 000001828edde760
dtor     D               dtor.c:227  _al_unregister_destructor        [   3.29434] removed dtor for sample_instance 000001828edde880
dtor     D               dtor.c:227  _al_unregister_destructor        [   3.29435] removed dtor for sample_instance 000001828edde9a0
dtor     D               dtor.c:227  _al_unregister_destructor        [   3.29437] removed dtor for sample_instance 000001828edde480
dtor     D               dtor.c:227  _al_unregister_destructor        [   3.29438] removed dtor for sample_instance 000001828edde630
dtor     D               dtor.c:227  _al_unregister_destructor        [   3.29440] removed dtor for sample_instance 000001828ed49c60
dtor     D               dtor.c:227  _al_unregister_destructor        [   3.29442] removed dtor for sample_instance 000001828ed49d80
dtor     D               dtor.c:227  _al_unregister_destructor        [   3.29443] removed dtor for sample_instance 000001828ed49ea0
dtor     D               dtor.c:227  _al_unregister_destructor        [   3.29445] removed dtor for sample_instance 000001828ed4a0d0
dtor     D               dtor.c:227  _al_unregister_destructor        [   3.29446] removed dtor for sample_instance 000001828ed4a1f0
dtor     D               dtor.c:227  _al_unregister_destructor        [   3.29448] removed dtor for sample_instance 000001828ed4a310
dtor     D               dtor.c:227  _al_unregister_destructor        [   3.29449] removed dtor for sample_instance 000001828ed4ad80
dtor     D               dtor.c:227  _al_unregister_destructor        [   3.29451] removed dtor for sample_instance 000001828ed4a7e0
dtor     D               dtor.c:227  _al_unregister_destructor        [   3.29453] removed dtor for sample_instance 000001828ed4a900
dtor     D               dtor.c:227  _al_unregister_destructor        [   3.29454] removed dtor for sample_instance 000001828ed4a5a0
dtor     D               dtor.c:227  _al_unregister_destructor        [   3.29456] removed dtor for sample_instance 000001828ed4aa20
dtor     D               dtor.c:227  _al_unregister_destructor        [   3.29457] removed dtor for sample_instance 000001828ed4ab40
dtor     D               dtor.c:227  _al_unregister_destructor        [   3.29459] removed dtor for sample_instance 000001828ed4a480
dtor     D               dtor.c:227  _al_unregister_destructor        [   3.29461] removed dtor for sample_instance 000001828ed4b200
dtor     D               dtor.c:227  _al_unregister_destructor        [   3.29463] removed dtor for sample_instance 000001828ed4a6c0
dtor     D               dtor.c:227  _al_unregister_destructor        [   3.29465] removed dtor for mixer 000001828edde320
audio-dsound D           dsound.cpp:539  _dsound_stop_voice               [   3.29466] Stopping voice
audio-dsound D           dsound.cpp:556  _dsound_stop_voice               [   3.29468] Joining thread
audio-dsound D           dsound.cpp:562  _dsound_stop_voice               [   3.29747] Joined thread
audio-dsound D           dsound.cpp:564  _dsound_stop_voice               [   3.29757] Destroying thread
audio-dsound D           dsound.cpp:566  _dsound_stop_voice               [   3.29759] Thread destroyed
audio-dsound D           dsound.cpp:573  _dsound_stop_voice               [   3.29761] Releasing buffer
audio-dsound I           dsound.cpp:577  _dsound_stop_voice               [   3.29763] Voice stopped
dtor     D               dtor.c:227  _al_unregister_destructor        [   3.29767] removed dtor for voice 000001828ed3c3c0
audio-dsound D           dsound.cpp:391  _dsound_deallocate_voice         [   3.29769] Deallocating voice
audio-dsound D           dsound.cpp:396  _dsound_deallocate_voice         [   3.29771] Deallocated voice
dtor     D               dtor.c:116  _al_run_destructors              [   3.29773] calling dtor for sample_instance 000001828ed4afc0, func 00007fff15bb90dc
dtor     D               dtor.c:227  _al_unregister_destructor        [   3.29775] removed dtor for sample_instance 000001828ed4afc0
dtor     D               dtor.c:116  _al_run_destructors              [   3.29777] calling dtor for sample 000001828ed432d0, func 00007fff15bc1b08
dtor     D               dtor.c:227  _al_unregister_destructor        [   3.29779] removed dtor for sample 000001828ed432d0
audio-dsound D           dsound.cpp:304  _dsound_close                    [   3.30033] Releasing device
audio-dsound D           dsound.cpp:309  _dsound_close                    [   3.34492] Released device
audio-dsound I           dsound.cpp:310  _dsound_close                    [   3.34499] DirectSound closed
